\BOOKMARK [0][-]{chapter.1}{Introduction}{}% 1
\BOOKMARK [1][-]{section.1.1}{Introduction}{chapter.1}% 2
\BOOKMARK [1][-]{section.1.2}{Company Description}{chapter.1}% 3
\BOOKMARK [1][-]{section.1.3}{Problem Analysis}{chapter.1}% 4
\BOOKMARK [0][-]{chapter.2}{The User Experience}{}% 5
\BOOKMARK [1][-]{section.2.1}{The Target Audience/End-Users Of the Application}{chapter.2}% 6
\BOOKMARK [1][-]{section.2.2}{Typical Usecase for Kids}{chapter.2}% 7
\BOOKMARK [2][-]{subsection.2.2.1}{Learning by doing: Projects}{section.2.2}% 8
\BOOKMARK [2][-]{subsection.2.2.2}{Feedback: Gamification, Rankings, Achievements}{section.2.2}% 9
\BOOKMARK [2][-]{subsection.2.2.3}{Assessment: Quizzes}{section.2.2}% 10
\BOOKMARK [2][-]{subsection.2.2.4}{Typical Usecase For Admin Panel}{section.2.2}% 11
\BOOKMARK [0][-]{chapter.3}{Implementation}{}% 12
\BOOKMARK [1][-]{section.3.1}{Working Environment Settings}{chapter.3}% 13
\BOOKMARK [1][-]{section.3.2}{Front-End}{chapter.3}% 14
\BOOKMARK [2][-]{subsection.3.2.1}{Programming Languages}{section.3.2}% 15
\BOOKMARK [2][-]{subsection.3.2.2}{UI Framework}{section.3.2}% 16
\BOOKMARK [1][-]{section.3.3}{Back-End}{chapter.3}% 17
\BOOKMARK [2][-]{subsection.3.3.1}{Programming language}{section.3.3}% 18
\BOOKMARK [2][-]{subsection.3.3.2}{RDMS}{section.3.3}% 19
\BOOKMARK [2][-]{subsection.3.3.3}{Security}{section.3.3}% 20
\BOOKMARK [1][-]{section.3.4}{Application Architecture and Design Principles}{chapter.3}% 21
\BOOKMARK [2][-]{subsection.3.4.1}{Design Principles}{section.3.4}% 22
\BOOKMARK [2][-]{subsection.3.4.2}{Client-Server Architecture}{section.3.4}% 23
\BOOKMARK [2][-]{subsection.3.4.3}{All Projects Page}{section.3.4}% 24
\BOOKMARK [2][-]{subsection.3.4.4}{Create New Project Page}{section.3.4}% 25
\BOOKMARK [2][-]{subsection.3.4.5}{Edit Project Page}{section.3.4}% 26
\BOOKMARK [2][-]{subsection.3.4.6}{Present Project}{section.3.4}% 27
